[13:27:11] [ServerMain/INFO]: Environment: Environment[sessionHost=https://sessionserver.mojang.com, servicesHost=https://api.minecraftservices.com, name=PROD]
[13:27:12] [ServerMain/INFO]: Found new data pack file/bukkit, loading it automatically
[13:27:14] [ServerMain/INFO]: No existing world data, creating new world
[13:27:15] [ServerMain/INFO]: Loaded 1175 recipes
[13:27:16] [Server thread/INFO]: Starting minecraft server version 1.20.6
[13:27:16] [Server thread/INFO]: Loading properties
[13:27:17] [Server thread/INFO]: This server is running CraftBukkit version 4195-b-Spigot-f6a4805-6524758 (MC: 1.20.6) (Implementing API version 1.20.6-R0.1-SNAPSHOT)
[13:27:18] [Server thread/INFO]: Server Ping Player Sample Count: 12
[13:27:18] [Server thread/INFO]: Using 4 threads for Netty based IO
[13:27:18] [Server thread/INFO]: Debug logging is disabled
[13:27:18] [Server thread/INFO]: Default game type: SURVIVAL
[13:27:18] [Server thread/INFO]: Generating keypair
[13:27:18] [Server thread/INFO]: Starting Minecraft server on *:25565
[13:27:18] [Server thread/INFO]: Using epoll channel type
[13:27:19] [Server thread/INFO]: Preparing level "world"
[13:27:19] [Server thread/INFO]: -------- World Settings For [world] --------
[13:27:19] [Server thread/INFO]: View Distance: 10
[13:27:19] [Server thread/INFO]: Simulation Distance: 10
[13:27:19] [Server thread/INFO]: Entity Activation Range: An 32 / Mo 32 / Ra 48 / Mi 16 / Tiv true / Isa false
[13:27:19] [Server thread/INFO]: Arrow Despawn Rate: 1200 Trident Respawn Rate:1200
[13:27:19] [Server thread/INFO]: Allow Zombie Pigmen to spawn from portal blocks: true
[13:27:19] [Server thread/INFO]: Zombie Aggressive Towards Villager: true
[13:27:19] [Server thread/INFO]: Item Despawn Rate: 6000
[13:27:19] [Server thread/INFO]: Item Merge Radius: 2.5
[13:27:19] [Server thread/INFO]: Nerfing mobs spawned from spawners: false
[13:27:19] [Server thread/INFO]: Cactus Growth Modifier: 100%
[13:27:19] [Server thread/INFO]: Cane Growth Modifier: 100%
[13:27:19] [Server thread/INFO]: Melon Growth Modifier: 100%
[13:27:19] [Server thread/INFO]: Mushroom Growth Modifier: 100%
[13:27:19] [Server thread/INFO]: Pumpkin Growth Modifier: 100%
[13:27:19] [Server thread/INFO]: Sapling Growth Modifier: 100%
[13:27:19] [Server thread/INFO]: Beetroot Growth Modifier: 100%
[13:27:19] [Server thread/INFO]: Carrot Growth Modifier: 100%
[13:27:19] [Server thread/INFO]: Potato Growth Modifier: 100%
[13:27:19] [Server thread/INFO]: Wheat Growth Modifier: 100%
[13:27:19] [Server thread/INFO]: NetherWart Growth Modifier: 100%
[13:27:19] [Server thread/INFO]: Vine Growth Modifier: 100%
[13:27:19] [Server thread/INFO]: Cocoa Growth Modifier: 100%
[13:27:19] [Server thread/INFO]: Bamboo Growth Modifier: 100%
[13:27:19] [Server thread/INFO]: SweetBerry Growth Modifier: 100%
[13:27:19] [Server thread/INFO]: Kelp Growth Modifier: 100%
[13:27:19] [Server thread/INFO]: TwistingVines Growth Modifier: 100%
[13:27:19] [Server thread/INFO]: WeepingVines Growth Modifier: 100%
[13:27:19] [Server thread/INFO]: CaveVines Growth Modifier: 100%
[13:27:19] [Server thread/INFO]: Hopper Transfer: 8 Hopper Check: 1 Hopper Amount: 1 Hopper Can Load Chunks: false
[13:27:19] [Server thread/INFO]: Max TNT Explosions: 100
[13:27:19] [Server thread/INFO]: Tile Max Tick Time: 50ms Entity max Tick Time: 50ms
[13:27:19] [Server thread/INFO]: Experience Merge Radius: 3.0
[13:27:19] [Server thread/INFO]: Mob Spawn Range: 6
[13:27:19] [Server thread/INFO]: Entity Tracking Range: Pl 48 / An 48 / Mo 48 / Mi 32 / Di 128 / Other 64
[13:27:19] [Server thread/INFO]: Custom Map Seeds:  Village: 10387312 Desert: 14357617 Igloo: 14357618 Jungle: 14357619 Swamp: 14357620 Monument: 10387313 Ocean: 14357621 Shipwreck: 165745295 End City: 10387313 Slime: 987234911 Nether: 30084232 Mansion: 10387319 Fossil: 14357921 Portal: 34222645
[13:27:33] [Server thread/INFO]: -------- World Settings For [world_nether] --------
[13:27:33] [Server thread/INFO]: View Distance: 10
[13:27:33] [Server thread/INFO]: Simulation Distance: 10
[13:27:33] [Server thread/INFO]: Entity Activation Range: An 32 / Mo 32 / Ra 48 / Mi 16 / Tiv true / Isa false
[13:27:33] [Server thread/INFO]: Arrow Despawn Rate: 1200 Trident Respawn Rate:1200
[13:27:33] [Server thread/INFO]: Allow Zombie Pigmen to spawn from portal blocks: true
[13:27:33] [Server thread/INFO]: Zombie Aggressive Towards Villager: true
[13:27:33] [Server thread/INFO]: Item Despawn Rate: 6000
[13:27:33] [Server thread/INFO]: Item Merge Radius: 2.5
[13:27:33] [Server thread/INFO]: Nerfing mobs spawned from spawners: false
[13:27:33] [Server thread/INFO]: Cactus Growth Modifier: 100%
[13:27:33] [Server thread/INFO]: Cane Growth Modifier: 100%
[13:27:33] [Server thread/INFO]: Melon Growth Modifier: 100%
[13:27:33] [Server thread/INFO]: Mushroom Growth Modifier: 100%
[13:27:33] [Server thread/INFO]: Pumpkin Growth Modifier: 100%
[13:27:33] [Server thread/INFO]: Sapling Growth Modifier: 100%
[13:27:33] [Server thread/INFO]: Beetroot Growth Modifier: 100%
[13:27:33] [Server thread/INFO]: Carrot Growth Modifier: 100%
[13:27:33] [Server thread/INFO]: Potato Growth Modifier: 100%
[13:27:33] [Server thread/INFO]: Wheat Growth Modifier: 100%
[13:27:33] [Server thread/INFO]: NetherWart Growth Modifier: 100%
[13:27:33] [Server thread/INFO]: Vine Growth Modifier: 100%
[13:27:33] [Server thread/INFO]: Cocoa Growth Modifier: 100%
[13:27:33] [Server thread/INFO]: Bamboo Growth Modifier: 100%
[13:27:33] [Server thread/INFO]: SweetBerry Growth Modifier: 100%
[13:27:33] [Server thread/INFO]: Kelp Growth Modifier: 100%
[13:27:33] [Server thread/INFO]: TwistingVines Growth Modifier: 100%
[13:27:33] [Server thread/INFO]: WeepingVines Growth Modifier: 100%
[13:27:33] [Server thread/INFO]: CaveVines Growth Modifier: 100%
[13:27:33] [Server thread/INFO]: Hopper Transfer: 8 Hopper Check: 1 Hopper Amount: 1 Hopper Can Load Chunks: false
[13:27:33] [Server thread/INFO]: Max TNT Explosions: 100
[13:27:33] [Server thread/INFO]: Tile Max Tick Time: 50ms Entity max Tick Time: 50ms
[13:27:33] [Server thread/INFO]: Experience Merge Radius: 3.0
[13:27:33] [Server thread/INFO]: Mob Spawn Range: 6
[13:27:33] [Server thread/INFO]: Entity Tracking Range: Pl 48 / An 48 / Mo 48 / Mi 32 / Di 128 / Other 64
[13:27:33] [Server thread/INFO]: Custom Map Seeds:  Village: 10387312 Desert: 14357617 Igloo: 14357618 Jungle: 14357619 Swamp: 14357620 Monument: 10387313 Ocean: 14357621 Shipwreck: 165745295 End City: 10387313 Slime: 987234911 Nether: 30084232 Mansion: 10387319 Fossil: 14357921 Portal: 34222645
[13:27:37] [Server thread/INFO]: -------- World Settings For [world_the_end] --------
[13:27:37] [Server thread/INFO]: View Distance: 10
[13:27:37] [Server thread/INFO]: Simulation Distance: 10
[13:27:37] [Server thread/INFO]: Entity Activation Range: An 32 / Mo 32 / Ra 48 / Mi 16 / Tiv true / Isa false
[13:27:37] [Server thread/INFO]: Arrow Despawn Rate: 1200 Trident Respawn Rate:1200
[13:27:37] [Server thread/INFO]: Allow Zombie Pigmen to spawn from portal blocks: true
[13:27:37] [Server thread/INFO]: Zombie Aggressive Towards Villager: true
[13:27:37] [Server thread/INFO]: Item Despawn Rate: 6000
[13:27:37] [Server thread/INFO]: Item Merge Radius: 2.5
[13:27:37] [Server thread/INFO]: Nerfing mobs spawned from spawners: false
[13:27:37] [Server thread/INFO]: Cactus Growth Modifier: 100%
[13:27:37] [Server thread/INFO]: Cane Growth Modifier: 100%
[13:27:37] [Server thread/INFO]: Melon Growth Modifier: 100%
[13:27:37] [Server thread/INFO]: Mushroom Growth Modifier: 100%
[13:27:37] [Server thread/INFO]: Pumpkin Growth Modifier: 100%
[13:27:37] [Server thread/INFO]: Sapling Growth Modifier: 100%
[13:27:37] [Server thread/INFO]: Beetroot Growth Modifier: 100%
[13:27:37] [Server thread/INFO]: Carrot Growth Modifier: 100%
[13:27:37] [Server thread/INFO]: Potato Growth Modifier: 100%
[13:27:37] [Server thread/INFO]: Wheat Growth Modifier: 100%
[13:27:37] [Server thread/INFO]: NetherWart Growth Modifier: 100%
[13:27:37] [Server thread/INFO]: Vine Growth Modifier: 100%
[13:27:37] [Server thread/INFO]: Cocoa Growth Modifier: 100%
[13:27:37] [Server thread/INFO]: Bamboo Growth Modifier: 100%
[13:27:37] [Server thread/INFO]: SweetBerry Growth Modifier: 100%
[13:27:37] [Server thread/INFO]: Kelp Growth Modifier: 100%
[13:27:37] [Server thread/INFO]: TwistingVines Growth Modifier: 100%
[13:27:37] [Server thread/INFO]: WeepingVines Growth Modifier: 100%
[13:27:37] [Server thread/INFO]: CaveVines Growth Modifier: 100%
[13:27:37] [Server thread/INFO]: Hopper Transfer: 8 Hopper Check: 1 Hopper Amount: 1 Hopper Can Load Chunks: false
[13:27:37] [Server thread/INFO]: Max TNT Explosions: 100
[13:27:37] [Server thread/INFO]: Tile Max Tick Time: 50ms Entity max Tick Time: 50ms
[13:27:37] [Server thread/INFO]: Experience Merge Radius: 3.0
[13:27:37] [Server thread/INFO]: Mob Spawn Range: 6
[13:27:37] [Server thread/INFO]: Entity Tracking Range: Pl 48 / An 48 / Mo 48 / Mi 32 / Di 128 / Other 64
[13:27:37] [Server thread/INFO]: Custom Map Seeds:  Village: 10387312 Desert: 14357617 Igloo: 14357618 Jungle: 14357619 Swamp: 14357620 Monument: 10387313 Ocean: 14357621 Shipwreck: 165745295 End City: 10387313 Slime: 987234911 Nether: 30084232 Mansion: 10387319 Fossil: 14357921 Portal: 34222645
[13:27:38] [Server thread/INFO]: Preparing start region for dimension minecraft:overworld
[13:27:38] [Worker-Main-2/INFO]: Preparing spawn area: 2%
[13:27:39] [Worker-Main-2/INFO]: Preparing spawn area: 2%
[13:27:39] [Worker-Main-2/INFO]: Preparing spawn area: 2%
[13:27:40] [Worker-Main-2/INFO]: Preparing spawn area: 2%
[13:27:40] [Worker-Main-2/INFO]: Preparing spawn area: 2%
[13:27:41] [Worker-Main-2/INFO]: Preparing spawn area: 2%
[13:27:41] [Worker-Main-2/INFO]: Preparing spawn area: 2%
[13:27:42] [Worker-Main-2/INFO]: Preparing spawn area: 2%
[13:27:42] [Worker-Main-2/INFO]: Preparing spawn area: 2%
[13:27:43] [Worker-Main-2/INFO]: Preparing spawn area: 2%
[13:27:43] [Worker-Main-2/INFO]: Preparing spawn area: 2%
[13:27:44] [Worker-Main-2/INFO]: Preparing spawn area: 2%
[13:27:44] [Worker-Main-2/INFO]: Preparing spawn area: 2%
[13:27:45] [Worker-Main-2/INFO]: Preparing spawn area: 2%
[13:27:45] [Worker-Main-2/INFO]: Preparing spawn area: 2%
[13:27:46] [Worker-Main-2/INFO]: Preparing spawn area: 2%
[13:27:46] [Worker-Main-2/INFO]: Preparing spawn area: 2%
[13:27:47] [Worker-Main-2/INFO]: Preparing spawn area: 2%
[13:27:47] [Worker-Main-2/INFO]: Preparing spawn area: 2%
[13:27:48] [Worker-Main-2/INFO]: Preparing spawn area: 2%
[13:27:48] [Worker-Main-2/INFO]: Preparing spawn area: 2%
[13:27:49] [Worker-Main-2/INFO]: Preparing spawn area: 2%
[13:27:49] [Worker-Main-2/INFO]: Preparing spawn area: 2%
[13:27:50] [Worker-Main-2/INFO]: Preparing spawn area: 2%
[13:27:50] [Worker-Main-2/INFO]: Preparing spawn area: 2%
[13:27:51] [Worker-Main-2/INFO]: Preparing spawn area: 2%
[13:27:51] [Worker-Main-2/INFO]: Preparing spawn area: 14%
[13:27:52] [Server thread/INFO]: Time elapsed: 13749 ms
[13:27:52] [Server thread/INFO]: Preparing start region for dimension minecraft:the_nether
[13:27:52] [Worker-Main-2/INFO]: Preparing spawn area: 2%
[13:27:52] [Worker-Main-2/INFO]: Preparing spawn area: 2%
[13:27:53] [Worker-Main-2/INFO]: Preparing spawn area: 2%
[13:27:53] [Worker-Main-2/INFO]: Preparing spawn area: 2%
[13:27:54] [Worker-Main-2/INFO]: Preparing spawn area: 2%
[13:27:54] [Worker-Main-2/INFO]: Preparing spawn area: 2%
[13:27:55] [Worker-Main-2/INFO]: Preparing spawn area: 2%
[13:27:56] [Worker-Main-2/INFO]: Preparing spawn area: 16%
[13:27:56] [Worker-Main-2/INFO]: Preparing spawn area: 18%
[13:27:56] [Server thread/INFO]: Time elapsed: 4397 ms
[13:27:56] [Server thread/INFO]: Preparing start region for dimension minecraft:the_end
[13:27:56] [Worker-Main-2/INFO]: Preparing spawn area: 2%
[13:27:57] [Worker-Main-2/INFO]: Preparing spawn area: 2%
[13:27:57] [Worker-Main-2/INFO]: Preparing spawn area: 2%
[13:27:58] [Worker-Main-2/INFO]: Preparing spawn area: 2%
[13:27:58] [Worker-Main-2/INFO]: Preparing spawn area: 2%
[13:27:58] [Server thread/INFO]: Time elapsed: 2098 ms
[13:27:58] [Server thread/INFO]: Done (39.792s)! For help, type "help"
[13:29:12] [Server thread/INFO]: That player does not exist
[13:29:16] [Thread-1/INFO]: Stopping server
